<?xml version="1.0" encoding="UTF-8"?>
<!-- Generated by org.testng.reporters.JUnitReportReporter -->
<testsuite hostname="DESKTOP-K2FF4CE" failures="0" tests="1" name="project_amazon_group_01.tests.SigninPageTest" time="24.173" errors="0" timestamp="2022-08-15T20:20:15 IST" skipped="0">
  <testcase classname="project_amazon_group_01.tests.SigninPageTest" name="verifyOpenAmazonSigninPage" time="24.173"/>
  <system-out/>
</testsuite> <!-- project_amazon_group_01.tests.SigninPageTest -->
